This is pdfTeX, Version 3.14159265-2.6-1.40.17 (MiKTeX 2.9 64-bit) (preloaded format=pdflatex 2016.9.22)  15 APR 2017 11:24
entering extended mode
**./document.tex
(document.tex
LaTeX2e <2016/03/31> patch level 3
Babel <3.9r> and hyphenation patterns for 75 language(s) loaded.
("C:\Program Files\MiKTeX 2.9\tex\latex\base\report.cls"
Document Class: report 2014/09/29 v1.4h Standard LaTeX document class
("C:\Program Files\MiKTeX 2.9\tex\latex\base\size12.clo"
File: size12.clo 2014/09/29 v1.4h Standard LaTeX file (size option)
)
\c@part=\count79
\c@chapter=\count80
\c@section=\count81
\c@subsection=\count82
\c@subsubsection=\count83
\c@paragraph=\count84
\c@subparagraph=\count85
\c@figure=\count86
\c@table=\count87
\abovecaptionskip=\skip41
\belowcaptionskip=\skip42
\bibindent=\dimen102
)
("C:\Program Files\MiKTeX 2.9\tex\latex\epigraph\epigraph.sty"
Package: epigraph 2009/09/02 v1.5c typesetting epigraphs
\beforeepigraphskip=\skip43
\afterepigraphskip=\skip44
\epigraphwidth=\skip45
\epigraphrule=\skip46
)
("C:\Program Files\MiKTeX 2.9\tex\latex\setspace\setspace.sty"
Package: setspace 2011/12/19 v6.7a set line spacing
)
("C:\Program Files\MiKTeX 2.9\tex\latex\xcolor\xcolor.sty"
Package: xcolor 2016/05/11 v2.12 LaTeX color extensions (UK)

("C:\Program Files\MiKTeX 2.9\tex\latex\00miktex\color.cfg"
File: color.cfg 2016/01/02 v1.6 sample color configuration
)
Package xcolor Info: Driver file: pdftex.def on input line 225.

("C:\Program Files\MiKTeX 2.9\tex\latex\graphics-def\pdftex.def"
File: pdftex.def 2016/07/10 v0.06j Graphics/color for pdfTeX

("C:\Program Files\MiKTeX 2.9\tex\generic\oberdiek\infwarerr.sty"
Package: infwarerr 2016/05/16 v1.4 Providing info/warning/error messages (HO)
)
("C:\Program Files\MiKTeX 2.9\tex\generic\oberdiek\ltxcmds.sty"
Package: ltxcmds 2016/05/16 v1.23 LaTeX kernel commands for general use (HO)
)
\Gread@gobject=\count88
)
Package xcolor Info: Model `cmy' substituted by `cmy0' on input line 1348.
Package xcolor Info: Model `hsb' substituted by `rgb' on input line 1352.
Package xcolor Info: Model `RGB' extended on input line 1364.
Package xcolor Info: Model `HTML' substituted by `rgb' on input line 1366.
Package xcolor Info: Model `Hsb' substituted by `hsb' on input line 1367.
Package xcolor Info: Model `tHsb' substituted by `hsb' on input line 1368.
Package xcolor Info: Model `HSB' substituted by `hsb' on input line 1369.
Package xcolor Info: Model `Gray' substituted by `gray' on input line 1370.
Package xcolor Info: Model `wave' substituted by `hsb' on input line 1371.

("C:\Program Files\MiKTeX 2.9\tex\latex\graphics\dvipsnam.def"
File: dvipsnam.def 2016/06/17 v3.0m Driver-dependent file (DPC,SPQR)
))
("C:\Program Files\MiKTeX 2.9\tex\generic\babel\babel.sty"
Package: babel 2016/04/23 3.9r The Babel package

*************************************
* Local config file bblopts.cfg used
*
("C:\Program Files\MiKTeX 2.9\tex\latex\arabi\bblopts.cfg"
File: bblopts.cfg 2005/09/08 v0.1 add Arabic and Farsi to "declared" options of
 babel
)
("C:\Program Files\MiKTeX 2.9\tex\latex\babel-english\english.ldf"
Language: english 2012/08/20 v3.3p English support from the babel system

("C:\Program Files\MiKTeX 2.9\tex\generic\babel\babel.def"
File: babel.def 2016/04/23 3.9r Babel common definitions
\babel@savecnt=\count89
\U@D=\dimen103
)
\l@canadian = a dialect from \language\l@american 
\l@australian = a dialect from \language\l@british 
\l@newzealand = a dialect from \language\l@british 
))
("C:\Program Files\MiKTeX 2.9\tex\latex\amsfonts\amssymb.sty"
Package: amssymb 2013/01/14 v3.01 AMS font symbols

("C:\Program Files\MiKTeX 2.9\tex\latex\amsfonts\amsfonts.sty"
Package: amsfonts 2013/01/14 v3.01 Basic AMSFonts support
\@emptytoks=\toks14
\symAMSa=\mathgroup4
\symAMSb=\mathgroup5
LaTeX Font Info:    Overwriting math alphabet `\mathfrak' in version `bold'
(Font)                  U/euf/m/n --> U/euf/b/n on input line 106.
))
("C:\Program Files\MiKTeX 2.9\tex\latex\amsmath\amsmath.sty"
Package: amsmath 2016/06/28 v2.15d AMS math features
\@mathmargin=\skip47

For additional information on amsmath, use the `?' option.
("C:\Program Files\MiKTeX 2.9\tex\latex\amsmath\amstext.sty"
Package: amstext 2000/06/29 v2.01 AMS text

("C:\Program Files\MiKTeX 2.9\tex\latex\amsmath\amsgen.sty"
File: amsgen.sty 1999/11/30 v2.0 generic functions
\@emptytoks=\toks15
\ex@=\dimen104
))
("C:\Program Files\MiKTeX 2.9\tex\latex\amsmath\amsbsy.sty"
Package: amsbsy 1999/11/29 v1.2d Bold Symbols
\pmbraise@=\dimen105
)
("C:\Program Files\MiKTeX 2.9\tex\latex\amsmath\amsopn.sty"
Package: amsopn 2016/03/08 v2.02 operator names
)
\inf@bad=\count90
LaTeX Info: Redefining \frac on input line 199.
\uproot@=\count91
\leftroot@=\count92
LaTeX Info: Redefining \overline on input line 297.
\classnum@=\count93
\DOTSCASE@=\count94
LaTeX Info: Redefining \ldots on input line 394.
LaTeX Info: Redefining \dots on input line 397.
LaTeX Info: Redefining \cdots on input line 518.
\Mathstrutbox@=\box26
\strutbox@=\box27
\big@size=\dimen106
LaTeX Font Info:    Redeclaring font encoding OML on input line 634.
LaTeX Font Info:    Redeclaring font encoding OMS on input line 635.
\macc@depth=\count95
\c@MaxMatrixCols=\count96
\dotsspace@=\muskip10
\c@parentequation=\count97
\dspbrk@lvl=\count98
\tag@help=\toks16
\row@=\count99
\column@=\count100
\maxfields@=\count101
\andhelp@=\toks17
\eqnshift@=\dimen107
\alignsep@=\dimen108
\tagshift@=\dimen109
\tagwidth@=\dimen110
\totwidth@=\dimen111
\lineht@=\dimen112
\@envbody=\toks18
\multlinegap=\skip48
\multlinetaggap=\skip49
\mathdisplay@stack=\toks19
LaTeX Info: Redefining \[ on input line 2739.
LaTeX Info: Redefining \] on input line 2740.
)
("C:\Program Files\MiKTeX 2.9\tex\latex\pgfplots\pgfplotstable.sty"
("C:\Program Files\MiKTeX 2.9\tex\generic\pgfplots\pgfplots.revision.tex")
Package: pgfplotstable 2016/08/10 v1.14 Table typesetting and Pretty-printing (
1.14)

("C:\Program Files\MiKTeX 2.9\tex\latex\pgfplots\pgfplots.sty"
("C:\Program Files\MiKTeX 2.9\tex\generic\pgfplots\pgfplots.revision.tex")
Package: pgfplots 2016/08/10 v1.14 Data Visualization (1.14)

("C:\Program Files\MiKTeX 2.9\tex\latex\graphics\graphicx.sty"
Package: graphicx 2014/10/28 v1.0g Enhanced LaTeX Graphics (DPC,SPQR)

("C:\Program Files\MiKTeX 2.9\tex\latex\graphics\keyval.sty"
Package: keyval 2014/10/28 v1.15 key=value parser (DPC)
\KV@toks@=\toks20
)
("C:\Program Files\MiKTeX 2.9\tex\latex\graphics\graphics.sty"
Package: graphics 2016/07/10 v1.0t Standard LaTeX Graphics (DPC,SPQR)

("C:\Program Files\MiKTeX 2.9\tex\latex\graphics\trig.sty"
Package: trig 2016/01/03 v1.10 sin cos tan (DPC)
)
("C:\Program Files\MiKTeX 2.9\tex\latex\00miktex\graphics.cfg"
File: graphics.cfg 2016/06/04 v1.11 sample graphics configuration
)
Package graphics Info: Driver file: pdftex.def on input line 99.
)
\Gin@req@height=\dimen113
\Gin@req@width=\dimen114
)
("C:\Program Files\MiKTeX 2.9\tex\latex\pgf\frontendlayer\tikz.sty"
("C:\Program Files\MiKTeX 2.9\tex\latex\pgf\basiclayer\pgf.sty"
("C:\Program Files\MiKTeX 2.9\tex\latex\pgf\utilities\pgfrcs.sty"
("C:\Program Files\MiKTeX 2.9\tex\generic\pgf\utilities\pgfutil-common.tex"
\pgfutil@everybye=\toks21
\pgfutil@tempdima=\dimen115
\pgfutil@tempdimb=\dimen116

("C:\Program Files\MiKTeX 2.9\tex\generic\pgf\utilities\pgfutil-common-lists.te
x")) ("C:\Program Files\MiKTeX 2.9\tex\generic\pgf\utilities\pgfutil-latex.def"
\pgfutil@abb=\box28
("C:\Program Files\MiKTeX 2.9\tex\latex\ms\everyshi.sty"
Package: everyshi 2001/05/15 v3.00 EveryShipout Package (MS)
))
("C:\Program Files\MiKTeX 2.9\tex\generic\pgf\utilities\pgfrcs.code.tex"
Package: pgfrcs 2015/08/07 v3.0.1a (rcs-revision 1.31)
))
Package: pgf 2015/08/07 v3.0.1a (rcs-revision 1.15)

("C:\Program Files\MiKTeX 2.9\tex\latex\pgf\basiclayer\pgfcore.sty"
("C:\Program Files\MiKTeX 2.9\tex\latex\pgf\systemlayer\pgfsys.sty"
("C:\Program Files\MiKTeX 2.9\tex\generic\pgf\systemlayer\pgfsys.code.tex"
Package: pgfsys 2014/07/09 v3.0.1a (rcs-revision 1.48)

("C:\Program Files\MiKTeX 2.9\tex\generic\pgf\utilities\pgfkeys.code.tex"
\pgfkeys@pathtoks=\toks22
\pgfkeys@temptoks=\toks23

("C:\Program Files\MiKTeX 2.9\tex\generic\pgf\utilities\pgfkeysfiltered.code.te
x"
\pgfkeys@tmptoks=\toks24
))
\pgf@x=\dimen117
\pgf@y=\dimen118
\pgf@xa=\dimen119
\pgf@ya=\dimen120
\pgf@xb=\dimen121
\pgf@yb=\dimen122
\pgf@xc=\dimen123
\pgf@yc=\dimen124
\w@pgf@writea=\write3
\r@pgf@reada=\read1
\c@pgf@counta=\count102
\c@pgf@countb=\count103
\c@pgf@countc=\count104
\c@pgf@countd=\count105
\t@pgf@toka=\toks25
\t@pgf@tokb=\toks26
\t@pgf@tokc=\toks27
 ("C:\Program Files\MiKTeX 2.9\tex\generic\pgf\systemlayer\pgf.cfg"
File: pgf.cfg 2008/05/14  (rcs-revision 1.7)
)
Driver file for pgf: pgfsys-pdftex.def

("C:\Program Files\MiKTeX 2.9\tex\generic\pgf\systemlayer\pgfsys-pdftex.def"
File: pgfsys-pdftex.def 2014/10/11  (rcs-revision 1.35)

("C:\Program Files\MiKTeX 2.9\tex\generic\pgf\systemlayer\pgfsys-common-pdf.def
"
File: pgfsys-common-pdf.def 2013/10/10  (rcs-revision 1.13)
)))
("C:\Program Files\MiKTeX 2.9\tex\generic\pgf\systemlayer\pgfsyssoftpath.code.t
ex"
File: pgfsyssoftpath.code.tex 2013/09/09  (rcs-revision 1.9)
\pgfsyssoftpath@smallbuffer@items=\count106
\pgfsyssoftpath@bigbuffer@items=\count107
)
("C:\Program Files\MiKTeX 2.9\tex\generic\pgf\systemlayer\pgfsysprotocol.code.t
ex"
File: pgfsysprotocol.code.tex 2006/10/16  (rcs-revision 1.4)
)) ("C:\Program Files\MiKTeX 2.9\tex\generic\pgf\basiclayer\pgfcore.code.tex"
Package: pgfcore 2010/04/11 v3.0.1a (rcs-revision 1.7)
 ("C:\Program Files\MiKTeX 2.9\tex\generic\pgf\math\pgfmath.code.tex"
("C:\Program Files\MiKTeX 2.9\tex\generic\pgf\math\pgfmathcalc.code.tex"
("C:\Program Files\MiKTeX 2.9\tex\generic\pgf\math\pgfmathutil.code.tex")
("C:\Program Files\MiKTeX 2.9\tex\generic\pgf\math\pgfmathparser.code.tex"
\pgfmath@dimen=\dimen125
\pgfmath@count=\count108
\pgfmath@box=\box29
\pgfmath@toks=\toks28
\pgfmath@stack@operand=\toks29
\pgfmath@stack@operation=\toks30
)
("C:\Program Files\MiKTeX 2.9\tex\generic\pgf\math\pgfmathfunctions.code.tex"
("C:\Program Files\MiKTeX 2.9\tex\generic\pgf\math\pgfmathfunctions.basic.code.
tex")
("C:\Program Files\MiKTeX 2.9\tex\generic\pgf\math\pgfmathfunctions.trigonometr
ic.code.tex")
("C:\Program Files\MiKTeX 2.9\tex\generic\pgf\math\pgfmathfunctions.random.code
.tex")
("C:\Program Files\MiKTeX 2.9\tex\generic\pgf\math\pgfmathfunctions.comparison.
code.tex")
("C:\Program Files\MiKTeX 2.9\tex\generic\pgf\math\pgfmathfunctions.base.code.t
ex")
("C:\Program Files\MiKTeX 2.9\tex\generic\pgf\math\pgfmathfunctions.round.code.
tex")
("C:\Program Files\MiKTeX 2.9\tex\generic\pgf\math\pgfmathfunctions.misc.code.t
ex")
("C:\Program Files\MiKTeX 2.9\tex\generic\pgf\math\pgfmathfunctions.integerarit
hmetics.code.tex")))
("C:\Program Files\MiKTeX 2.9\tex\generic\pgf\math\pgfmathfloat.code.tex"
\c@pgfmathroundto@lastzeros=\count109
))
("C:\Program Files\MiKTeX 2.9\tex\generic\pgf\basiclayer\pgfcorepoints.code.tex
"
File: pgfcorepoints.code.tex 2013/10/07  (rcs-revision 1.27)
\pgf@picminx=\dimen126
\pgf@picmaxx=\dimen127
\pgf@picminy=\dimen128
\pgf@picmaxy=\dimen129
\pgf@pathminx=\dimen130
\pgf@pathmaxx=\dimen131
\pgf@pathminy=\dimen132
\pgf@pathmaxy=\dimen133
\pgf@xx=\dimen134
\pgf@xy=\dimen135
\pgf@yx=\dimen136
\pgf@yy=\dimen137
\pgf@zx=\dimen138
\pgf@zy=\dimen139
)
("C:\Program Files\MiKTeX 2.9\tex\generic\pgf\basiclayer\pgfcorepathconstruct.c
ode.tex"
File: pgfcorepathconstruct.code.tex 2013/10/07  (rcs-revision 1.29)
\pgf@path@lastx=\dimen140
\pgf@path@lasty=\dimen141
)
("C:\Program Files\MiKTeX 2.9\tex\generic\pgf\basiclayer\pgfcorepathusage.code.
tex"
File: pgfcorepathusage.code.tex 2014/11/02  (rcs-revision 1.24)
\pgf@shorten@end@additional=\dimen142
\pgf@shorten@start@additional=\dimen143
)
("C:\Program Files\MiKTeX 2.9\tex\generic\pgf\basiclayer\pgfcorescopes.code.tex
"
File: pgfcorescopes.code.tex 2015/05/08  (rcs-revision 1.46)
\pgfpic=\box30
\pgf@hbox=\box31
\pgf@layerbox@main=\box32
\pgf@picture@serial@count=\count110
)
("C:\Program Files\MiKTeX 2.9\tex\generic\pgf\basiclayer\pgfcoregraphicstate.co
de.tex"
File: pgfcoregraphicstate.code.tex 2014/11/02  (rcs-revision 1.12)
\pgflinewidth=\dimen144
)
("C:\Program Files\MiKTeX 2.9\tex\generic\pgf\basiclayer\pgfcoretransformations
.code.tex"
File: pgfcoretransformations.code.tex 2015/08/07  (rcs-revision 1.20)
\pgf@pt@x=\dimen145
\pgf@pt@y=\dimen146
\pgf@pt@temp=\dimen147
)
("C:\Program Files\MiKTeX 2.9\tex\generic\pgf\basiclayer\pgfcorequick.code.tex"
File: pgfcorequick.code.tex 2008/10/09  (rcs-revision 1.3)
)
("C:\Program Files\MiKTeX 2.9\tex\generic\pgf\basiclayer\pgfcoreobjects.code.te
x"
File: pgfcoreobjects.code.tex 2006/10/11  (rcs-revision 1.2)
)
("C:\Program Files\MiKTeX 2.9\tex\generic\pgf\basiclayer\pgfcorepathprocessing.
code.tex"
File: pgfcorepathprocessing.code.tex 2013/09/09  (rcs-revision 1.9)
)
("C:\Program Files\MiKTeX 2.9\tex\generic\pgf\basiclayer\pgfcorearrows.code.tex
"
File: pgfcorearrows.code.tex 2015/05/14  (rcs-revision 1.43)
\pgfarrowsep=\dimen148
)
("C:\Program Files\MiKTeX 2.9\tex\generic\pgf\basiclayer\pgfcoreshade.code.tex"
File: pgfcoreshade.code.tex 2013/07/15  (rcs-revision 1.15)
\pgf@max=\dimen149
\pgf@sys@shading@range@num=\count111
) ("C:\Program Files\MiKTeX 2.9\tex\generic\pgf\basiclayer\pgfcoreimage.code.te
x"
File: pgfcoreimage.code.tex 2013/07/15  (rcs-revision 1.18)

("C:\Program Files\MiKTeX 2.9\tex\generic\pgf\basiclayer\pgfcoreexternal.code.t
ex"
File: pgfcoreexternal.code.tex 2014/07/09  (rcs-revision 1.21)
\pgfexternal@startupbox=\box33
))
("C:\Program Files\MiKTeX 2.9\tex\generic\pgf\basiclayer\pgfcorelayers.code.tex
"
File: pgfcorelayers.code.tex 2013/07/18  (rcs-revision 1.7)
)
("C:\Program Files\MiKTeX 2.9\tex\generic\pgf\basiclayer\pgfcoretransparency.co
de.tex"
File: pgfcoretransparency.code.tex 2013/09/30  (rcs-revision 1.5)
)
("C:\Program Files\MiKTeX 2.9\tex\generic\pgf\basiclayer\pgfcorepatterns.code.t
ex"
File: pgfcorepatterns.code.tex 2013/11/07  (rcs-revision 1.5)
)))
("C:\Program Files\MiKTeX 2.9\tex\generic\pgf\modules\pgfmoduleshapes.code.tex"
File: pgfmoduleshapes.code.tex 2014/03/21  (rcs-revision 1.35)
\pgfnodeparttextbox=\box34
) ("C:\Program Files\MiKTeX 2.9\tex\generic\pgf\modules\pgfmoduleplot.code.tex"
File: pgfmoduleplot.code.tex 2015/08/03  (rcs-revision 1.13)
)
("C:\Program Files\MiKTeX 2.9\tex\latex\pgf\compatibility\pgfcomp-version-0-65.
sty"
Package: pgfcomp-version-0-65 2007/07/03 v3.0.1a (rcs-revision 1.7)
\pgf@nodesepstart=\dimen150
\pgf@nodesepend=\dimen151
)
("C:\Program Files\MiKTeX 2.9\tex\latex\pgf\compatibility\pgfcomp-version-1-18.
sty"
Package: pgfcomp-version-1-18 2007/07/23 v3.0.1a (rcs-revision 1.1)
)) ("C:\Program Files\MiKTeX 2.9\tex\latex\pgf\utilities\pgffor.sty"
("C:\Program Files\MiKTeX 2.9\tex\latex\pgf\utilities\pgfkeys.sty"
("C:\Program Files\MiKTeX 2.9\tex\generic\pgf\utilities\pgfkeys.code.tex"))
("C:\Program Files\MiKTeX 2.9\tex\latex\pgf\math\pgfmath.sty"
("C:\Program Files\MiKTeX 2.9\tex\generic\pgf\math\pgfmath.code.tex"))
("C:\Program Files\MiKTeX 2.9\tex\generic\pgf\utilities\pgffor.code.tex"
Package: pgffor 2013/12/13 v3.0.1a (rcs-revision 1.25)

("C:\Program Files\MiKTeX 2.9\tex\generic\pgf\math\pgfmath.code.tex")
\pgffor@iter=\dimen152
\pgffor@skip=\dimen153
\pgffor@stack=\toks31
\pgffor@toks=\toks32
))
("C:\Program Files\MiKTeX 2.9\tex\generic\pgf\frontendlayer\tikz\tikz.code.tex"
Package: tikz 2015/08/07 v3.0.1a (rcs-revision 1.151)

("C:\Program Files\MiKTeX 2.9\tex\generic\pgf\libraries\pgflibraryplothandlers.
code.tex"
File: pgflibraryplothandlers.code.tex 2013/08/31 v3.0.1a (rcs-revision 1.20)
\pgf@plot@mark@count=\count112
\pgfplotmarksize=\dimen154
)
\tikz@lastx=\dimen155
\tikz@lasty=\dimen156
\tikz@lastxsaved=\dimen157
\tikz@lastysaved=\dimen158
\tikzleveldistance=\dimen159
\tikzsiblingdistance=\dimen160
\tikz@figbox=\box35
\tikz@figbox@bg=\box36
\tikz@tempbox=\box37
\tikz@tempbox@bg=\box38
\tikztreelevel=\count113
\tikznumberofchildren=\count114
\tikznumberofcurrentchild=\count115
\tikz@fig@count=\count116

("C:\Program Files\MiKTeX 2.9\tex\generic\pgf\modules\pgfmodulematrix.code.tex"
File: pgfmodulematrix.code.tex 2013/09/17  (rcs-revision 1.8)
\pgfmatrixcurrentrow=\count117
\pgfmatrixcurrentcolumn=\count118
\pgf@matrix@numberofcolumns=\count119
)
\tikz@expandcount=\count120

("C:\Program Files\MiKTeX 2.9\tex\generic\pgf\frontendlayer\tikz\libraries\tikz
librarytopaths.code.tex"
File: tikzlibrarytopaths.code.tex 2008/06/17 v3.0.1a (rcs-revision 1.2)
)))
("C:\Program Files\MiKTeX 2.9\tex\generic\pgfplots\pgfplots.code.tex"
("C:\Program Files\MiKTeX 2.9\tex\generic\pgfplots\pgfplotscore.code.tex"
\t@pgfplots@toka=\toks33
\t@pgfplots@tokb=\toks34
\t@pgfplots@tokc=\toks35
\pgfplots@tmpa=\dimen161
\c@pgfplots@coordindex=\count121
\c@pgfplots@scanlineindex=\count122

("C:\Program Files\MiKTeX 2.9\tex\generic\pgfplots\sys\pgfplotssysgeneric.code.
tex"))
("C:\Program Files\MiKTeX 2.9\tex\generic\pgfplots\libs\pgfplotslibrary.code.te
x")
("C:\Program Files\MiKTeX 2.9\tex\generic\pgfplots\oldpgfcompatib\pgfplotsoldpg
fsupp_loader.code.tex"
("C:\Program Files\MiKTeX 2.9\tex\generic\pgf\libraries\pgflibraryfpu.code.tex"
)
Package pgfplots: loading complementary arithmetics for your pgf version...

("C:\Program Files\MiKTeX 2.9\tex\generic\pgfplots\oldpgfcompatib\pgfplotsoldpg
fsupp_pgflibraryfpu.code.tex")
("C:\Program Files\MiKTeX 2.9\tex\generic\pgfplots\oldpgfcompatib\pgfplotsoldpg
fsupp_pgfmathfloat.code.tex"
\c@pgfmathroundto@lastzeros=\count123
))
("C:\Program Files\MiKTeX 2.9\tex\generic\pgfplots\util\pgfplotsutil.code.tex"
("C:\Program Files\MiKTeX 2.9\tex\generic\pgfplots\liststructure\pgfplotslistst
ructure.code.tex")
("C:\Program Files\MiKTeX 2.9\tex\generic\pgfplots\liststructure\pgfplotslistst
ructureext.code.tex")
("C:\Program Files\MiKTeX 2.9\tex\generic\pgfplots\liststructure\pgfplotsarray.
code.tex"
\c@pgfplotsarray@tmp=\count124
)
("C:\Program Files\MiKTeX 2.9\tex\generic\pgfplots\liststructure\pgfplotsmatrix
.code.tex")
("C:\Program Files\MiKTeX 2.9\tex\generic\pgfplots\numtable\pgfplotstableshared
.code.tex"
\c@pgfplotstable@counta=\count125
\t@pgfplotstable@a=\toks36
)
("C:\Program Files\MiKTeX 2.9\tex\generic\pgfplots\liststructure\pgfplotsdeque.
code.tex")
("C:\Program Files\MiKTeX 2.9\tex\generic\pgfplots\util\pgfplotsbinary.code.tex
"
("C:\Program Files\MiKTeX 2.9\tex\generic\pgfplots\util\pgfplotsbinary.data.cod
e.tex"))
("C:\Program Files\MiKTeX 2.9\tex\generic\pgfplots\util\pgfplotsutil.verb.code.
tex")
("C:\Program Files\MiKTeX 2.9\tex\generic\pgfplots\libs\pgflibrarypgfplots.surf
shading.code.tex"
\c@pgfplotslibrarysurf@no=\count126

("C:\Program Files\MiKTeX 2.9\tex\generic\pgfplots\sys\pgflibrarypgfplots.surfs
hading.pgfsys-pdftex.def")))
("C:\Program Files\MiKTeX 2.9\tex\generic\pgfplots\util\pgfplotscolormap.code.t
ex"
("C:\Program Files\MiKTeX 2.9\tex\generic\pgfplots\util\pgfplotscolor.code.tex"
))
("C:\Program Files\MiKTeX 2.9\tex\generic\pgfplots\pgfplotsstackedplots.code.te
x")
("C:\Program Files\MiKTeX 2.9\tex\generic\pgfplots\pgfplotsplothandlers.code.te
x"
("C:\Program Files\MiKTeX 2.9\tex\generic\pgfplots\pgfplotsmeshplothandler.code
.tex"
("C:\Program Files\MiKTeX 2.9\tex\generic\pgfplots\pgfplotsmeshplotimage.code.t
ex")))
("C:\Program Files\MiKTeX 2.9\tex\generic\pgfplots\pgfplots.scaling.code.tex")
("C:\Program Files\MiKTeX 2.9\tex\generic\pgfplots\pgfplotscoordprocessing.code
.tex")
("C:\Program Files\MiKTeX 2.9\tex\generic\pgfplots\pgfplots.errorbars.code.tex"
) ("C:\Program Files\MiKTeX 2.9\tex\generic\pgfplots\pgfplots.markers.code.tex"
) ("C:\Program Files\MiKTeX 2.9\tex\generic\pgfplots\pgfplotsticks.code.tex")
("C:\Program Files\MiKTeX 2.9\tex\generic\pgfplots\pgfplots.paths.code.tex")
("C:\Program Files\MiKTeX 2.9\tex\generic\pgf\frontendlayer\tikz\libraries\tikz
librarydecorations.code.tex"
("C:\Program Files\MiKTeX 2.9\tex\generic\pgf\modules\pgfmoduledecorations.code
.tex"
\pgfdecoratedcompleteddistance=\dimen162
\pgfdecoratedremainingdistance=\dimen163
\pgfdecoratedinputsegmentcompleteddistance=\dimen164
\pgfdecoratedinputsegmentremainingdistance=\dimen165
\pgf@decorate@distancetomove=\dimen166
\pgf@decorate@repeatstate=\count127
\pgfdecorationsegmentamplitude=\dimen167
\pgfdecorationsegmentlength=\dimen168
)
\tikz@lib@dec@box=\box39
)
("C:\Program Files\MiKTeX 2.9\tex\generic\pgf\frontendlayer\tikz\libraries\tikz
librarydecorations.pathmorphing.code.tex"
("C:\Program Files\MiKTeX 2.9\tex\generic\pgf\libraries\decorations\pgflibraryd
ecorations.pathmorphing.code.tex"))
("C:\Program Files\MiKTeX 2.9\tex\generic\pgf\frontendlayer\tikz\libraries\tikz
librarydecorations.pathreplacing.code.tex"
("C:\Program Files\MiKTeX 2.9\tex\generic\pgf\libraries\decorations\pgflibraryd
ecorations.pathreplacing.code.tex"))
\pgfplots@numplots=\count128
\pgfplots@xmin@reg=\dimen169
\pgfplots@xmax@reg=\dimen170
\pgfplots@ymin@reg=\dimen171
\pgfplots@ymax@reg=\dimen172
\pgfplots@zmin@reg=\dimen173
\pgfplots@zmax@reg=\dimen174
)
("C:\Program Files\MiKTeX 2.9\tex\generic\pgf\frontendlayer\tikz\libraries\tikz
libraryplotmarks.code.tex"
File: tikzlibraryplotmarks.code.tex 2008/01/09 v3.0.1a (rcs-revision 1.1)

("C:\Program Files\MiKTeX 2.9\tex\generic\pgf\libraries\pgflibraryplotmarks.cod
e.tex"
File: pgflibraryplotmarks.code.tex 2015/08/03 v3.0.1a (rcs-revision 1.14)
)))
("C:\Program Files\MiKTeX 2.9\tex\generic\pgfplots\numtable\pgfplotstable.code.
tex"
("C:\Program Files\MiKTeX 2.9\tex\generic\pgfplots\numtable\pgfplotstable.colty
pe.code.tex")) ("C:\Program Files\MiKTeX 2.9\tex\latex\tools\array.sty"
Package: array 2014/10/28 v2.4c Tabular extension package (FMi)
\col@sep=\dimen175
\extrarowheight=\dimen176
\NC@list=\toks37
\extratabsurround=\skip50
\backup@length=\skip51
))
("C:\Program Files\MiKTeX 2.9\tex\latex\natbib\natbib.sty"
Package: natbib 2010/09/13 8.31b (PWD, AO)
\bibhang=\skip52
\bibsep=\skip53
LaTeX Info: Redefining \cite on input line 694.
\c@NAT@ctr=\count129
)
("C:\Program Files\MiKTeX 2.9\tex\latex\url\url.sty"
\Urlmuskip=\muskip11
Package: url 2013/09/16  ver 3.4  Verb mode for urls, etc.
)
("C:\Program Files\MiKTeX 2.9\tex\latex\caption\caption.sty"
Package: caption 2016/02/21 v3.3-144 Customizing captions (AR)

("C:\Program Files\MiKTeX 2.9\tex\latex\caption\caption3.sty"
Package: caption3 2016/05/22 v1.7-166 caption3 kernel (AR)
Package caption3 Info: TeX engine: e-TeX on input line 67.
\captionmargin=\dimen177
\captionmargin@=\dimen178
\captionwidth=\dimen179
\caption@tempdima=\dimen180
\caption@indent=\dimen181
\caption@parindent=\dimen182
\caption@hangindent=\dimen183
)
Package caption Info: We need package `newfloat' on input line 292.

("C:\Program Files\MiKTeX 2.9\tex\latex\caption\newfloat.sty"
Package: newfloat 2015/09/17 v1.1-109 Defining new floating environments (AR)
)
\c@ContinuedFloat=\count130
)
("C:\Program Files\MiKTeX 2.9\tex\latex\multirow\multirow.sty"
\bigstrutjot=\dimen184
)
("C:\Program Files\MiKTeX 2.9\tex\latex\mdwtools\footnote.sty"
Package: footnote 1997/01/28 1.13 Save footnotes around boxes
\fn@notes=\box40
\fn@width=\dimen185
)
("C:\Program Files\MiKTeX 2.9\tex\latex\placeins\placeins.sty"
Package: placeins 2005/04/18  v 2.2
)
("C:\Program Files\MiKTeX 2.9\tex\latex\listings\listings.sty"
\lst@mode=\count131
\lst@gtempboxa=\box41
\lst@token=\toks38
\lst@length=\count132
\lst@currlwidth=\dimen186
\lst@column=\count133
\lst@pos=\count134
\lst@lostspace=\dimen187
\lst@width=\dimen188
\lst@newlines=\count135
\lst@lineno=\count136
\lst@maxwidth=\dimen189

("C:\Program Files\MiKTeX 2.9\tex\latex\listings\lstmisc.sty"
File: lstmisc.sty 2015/06/04 1.6 (Carsten Heinz)
\c@lstnumber=\count137
\lst@skipnumbers=\count138
\lst@framebox=\box42
)
("C:\Program Files\MiKTeX 2.9\tex\latex\listings\listings.cfg"
File: listings.cfg 2015/06/04 1.6 listings configuration
))
Package: listings 2015/06/04 1.6 (Carsten Heinz)

("C:\Program Files\MiKTeX 2.9\tex\latex\lstaddons\lstlinebgrd.sty"
Package: lstlinebgrd 2012/05/03 v0.1 Provides 'listings' options to color the b
ackground of lines
)
(contents/listingsDefinitions.tex)
("C:\Program Files\MiKTeX 2.9\tex\latex\acronym\acronym.sty"
Package: acronym 2015/03/21 v1.41 Support for acronyms (Tobias Oetiker)

("C:\Program Files\MiKTeX 2.9\tex\latex\bigfoot\suffix.sty"
Package: suffix 2006/07/15 1.5a Variant command support
)
("C:\Program Files\MiKTeX 2.9\tex\latex\xstring\xstring.sty"
("C:\Program Files\MiKTeX 2.9\tex\generic\xstring\xstring.tex"
\@xs@message=\write4
\integerpart=\count139
\decimalpart=\count140
)
Package: xstring 2013/10/13  v1.7c  String manipulations (C Tellechea)
)
\AC@clearlist=\toks39
)
("C:\Program Files\MiKTeX 2.9\tex\latex\fancyhdr\fancyhdr.sty"
Package: fancyhdr 2016/09/06 3.8 Extensive control of page headers and footers
\fancy@headwidth=\skip54
\f@ncyO@elh=\skip55
\f@ncyO@erh=\skip56
\f@ncyO@olh=\skip57
\f@ncyO@orh=\skip58
\f@ncyO@elf=\skip59
\f@ncyO@erf=\skip60
\f@ncyO@olf=\skip61
\f@ncyO@orf=\skip62
)
(contents/HeadersFooters.tex) (contents/Constants.tex) (document.aux

LaTeX Warning: Label `fig:resultsOverview' multiply defined.


LaTeX Warning: Label `fig:resultsOverview' multiply defined.


LaTeX Warning: Label `fig:resultsOverview' multiply defined.


LaTeX Warning: Label `fig:resultsOverview' multiply defined.


LaTeX Warning: Label `fig:resultsOverview' multiply defined.


LaTeX Warning: Label `fig:resultsOverview' multiply defined.


LaTeX Warning: Label `fig:resultsOverview' multiply defined.


LaTeX Warning: Label `fig:resultsOverview' multiply defined.


LaTeX Warning: Label `fig:resultsOverview' multiply defined.


LaTeX Warning: Label `fig:resultsOverview' multiply defined.


LaTeX Warning: Label `fig:resultsOverview' multiply defined.


LaTeX Warning: Label `fig:resultsOverview' multiply defined.


LaTeX Warning: Label `fig:resultsOverview' multiply defined.


LaTeX Warning: Label `fig:resultsOverview' multiply defined.


LaTeX Warning: Label `fig:resultsOverview' multiply defined.


LaTeX Warning: Label `fig:resultsOverview' multiply defined.


LaTeX Warning: Label `fig:resultsOverview' multiply defined.


LaTeX Warning: Label `fig:resultsOverview' multiply defined.


LaTeX Warning: Label `fig:resultsOverview' multiply defined.


LaTeX Warning: Label `fig:resultsOverview' multiply defined.


Package natbib Warning: Citation `AudiEspana' multiply defined.


Package natbib Warning: Citation `McKinsey' multiply defined.


Package natbib Warning: Citation `Braun' multiply defined.


Package natbib Warning: Citation `DaimlerValet' multiply defined.


Package natbib Warning: Citation `DaimlerParkingPilot' multiply defined.


Package natbib Warning: Citation `Doloczki' multiply defined.


Package natbib Warning: Citation `Lincoln' multiply defined.


Package natbib Warning: Citation `Bosch2013' multiply defined.


Package natbib Warning: Citation `BoschFully' multiply defined.


Package natbib Warning: Citation `BoschHomeZone' multiply defined.


Package natbib Warning: Citation `StatisticaADAS' multiply defined.


Package natbib Warning: Citation `TeslaSummon' multiply defined.


Package natbib Warning: Citation `VolvoCarsSupport' multiply defined.


Package natbib Warning: Citation `forrester' multiply defined.


Package natbib Warning: Citation `Young' multiply defined.

)
\openout1 = `document.aux'.

LaTeX Font Info:    Checking defaults for OML/cmm/m/it on input line 40.
LaTeX Font Info:    ... okay on input line 40.
LaTeX Font Info:    Checking defaults for T1/cmr/m/n on input line 40.
LaTeX Font Info:    ... okay on input line 40.
LaTeX Font Info:    Checking defaults for OT1/cmr/m/n on input line 40.
LaTeX Font Info:    ... okay on input line 40.
LaTeX Font Info:    Checking defaults for OMS/cmsy/m/n on input line 40.
LaTeX Font Info:    ... okay on input line 40.
LaTeX Font Info:    Checking defaults for OMX/cmex/m/n on input line 40.
LaTeX Font Info:    ... okay on input line 40.
LaTeX Font Info:    Checking defaults for U/cmr/m/n on input line 40.
LaTeX Font Info:    ... okay on input line 40.
 ("C:\Program Files\MiKTeX 2.9\tex\context\base\supp-pdf.mkii"
[Loading MPS to PDF converter (version 2006.09.02).]
\scratchcounter=\count141
\scratchdimen=\dimen190
\scratchbox=\box43
\nofMPsegments=\count142
\nofMParguments=\count143
\everyMPshowfont=\toks40
\MPscratchCnt=\count144
\MPscratchDim=\dimen191
\MPnumerator=\count145
\makeMPintoPDFobject=\count146
\everyMPtoPDFconversion=\toks41
) ("C:\Program Files\MiKTeX 2.9\tex\generic\oberdiek\pdftexcmds.sty"
Package: pdftexcmds 2016/05/21 v0.22 Utility functions of pdfTeX for LuaTeX (HO
)

("C:\Program Files\MiKTeX 2.9\tex\generic\oberdiek\ifluatex.sty"
Package: ifluatex 2016/05/16 v1.4 Provides the ifluatex switch (HO)
Package ifluatex Info: LuaTeX not detected.
)
("C:\Program Files\MiKTeX 2.9\tex\generic\oberdiek\ifpdf.sty"
Package: ifpdf 2016/05/14 v3.1 Provides the ifpdf switch
)
Package pdftexcmds Info: LuaTeX not detected.
Package pdftexcmds Info: \pdf@primitive is available.
Package pdftexcmds Info: \pdf@ifprimitive is available.
Package pdftexcmds Info: \pdfdraftmode found.
)
("C:\Program Files\MiKTeX 2.9\tex\latex\oberdiek\epstopdf-base.sty"
Package: epstopdf-base 2016/05/15 v2.6 Base part for package epstopdf

("C:\Program Files\MiKTeX 2.9\tex\latex\oberdiek\grfext.sty"
Package: grfext 2016/05/16 v1.2 Manage graphics extensions (HO)

("C:\Program Files\MiKTeX 2.9\tex\generic\oberdiek\kvdefinekeys.sty"
Package: kvdefinekeys 2016/05/16 v1.4 Define keys (HO)
))
("C:\Program Files\MiKTeX 2.9\tex\latex\oberdiek\kvoptions.sty"
Package: kvoptions 2016/05/16 v3.12 Key value format for package options (HO)

("C:\Program Files\MiKTeX 2.9\tex\generic\oberdiek\kvsetkeys.sty"
Package: kvsetkeys 2016/05/16 v1.17 Key value parser (HO)

("C:\Program Files\MiKTeX 2.9\tex\generic\oberdiek\etexcmds.sty"
Package: etexcmds 2016/05/16 v1.6 Avoid name clashes with e-TeX commands (HO)
Package etexcmds Info: Could not find \expanded.
(etexcmds)             That can mean that you are not using pdfTeX 1.50 or
(etexcmds)             that some package has redefined \expanded.
(etexcmds)             In the latter case, load this package earlier.
)))
Package epstopdf-base Info: Redefining graphics rule for `.eps' on input line 4
38.
Package grfext Info: Graphics extension search list:
(grfext)             [.png,.pdf,.jpg,.mps,.jpeg,.jbig2,.jb2,.PNG,.PDF,.JPG,.JPE
G,.JBIG2,.JB2,.eps]
(grfext)             \AppendGraphicsExtensions on input line 456.
)
ABD: EveryShipout initializing macros

Package pgfplots Warning: running in backwards compatibility mode (unsuitable t
ick labels; missing features). Consider writing \pgfplotsset{compat=1.14} into 
your preamble.
 on input line 40.

Package caption Info: Begin \AtBeginDocument code.
Package caption Info: listings package is loaded.
Package caption Info: End \AtBeginDocument code.
\c@lstlisting=\count147
(document.bbl
LaTeX Font Info:    Try loading font information for U+msa on input line 11.
 ("C:\Program Files\MiKTeX 2.9\tex\latex\amsfonts\umsa.fd"
File: umsa.fd 2013/01/14 v3.01 AMS symbols A
)
LaTeX Font Info:    Try loading font information for U+msb on input line 11.

("C:\Program Files\MiKTeX 2.9\tex\latex\amsfonts\umsb.fd"
File: umsb.fd 2013/01/14 v3.01 AMS symbols B
)
Underfull \hbox (badness 10000) in paragraph at lines 15--21
\OT1/cmtt/m/n/12 com / industries / automotive -[] and -[] assembly / our -[] i
nsights / ten -[]
 []


Underfull \hbox (badness 10000) in paragraph at lines 15--21
\OT1/cmtt/m/n/12 ways -[] autonomous -[] driving -[] could -[] redefine -[] the
 -[] automotive -[] world$\OT1/cmr/m/n/12 .
 []


Underfull \hbox (badness 10000) in paragraph at lines 23--28
\OT1/cmtt/m/n/12 http : / / slidegur . com / doc / 3930571 / autonomous -[] par
allel -[] parking -[]
 []


Underfull \hbox (badness 10000) in paragraph at lines 30--36
\OT1/cmtt/m/n/12 en / instance / ko / Daimler -[] and -[] Bosch -[] automate -[
] parking -[] Mercedes -[]
 []


Underfull \hbox (badness 6927) in paragraph at lines 45--50
[][]\OT1/cmr/m/n/12 R. Doloczki and D. K. Gaub-itz.  Rc-car auto-mat-is-iertes 
aus-
 []

[1


{C:/ProgramData/MiKTeX/2.9/pdftex/config/pdftex.map}]
Underfull \hbox (badness 7308) in paragraph at lines 58--63
[][]\OT1/cmr/m/n/12 Robert Bosch GmbH.  Park-ing as-sist-ance sys-tems, sep 201
3a.
 []


Underfull \hbox (badness 10000) in paragraph at lines 58--63
\OT1/cmr/m/n/12 URL $\OT1/cmtt/m/n/12 http : / / www . bosch -[] presse . de / 
pressportal / de / en / parking -[]
 []


Underfull \hbox (badness 1242) in paragraph at lines 65--70
[][]\OT1/cmr/m/n/12 Robert Bosch GmbH.  Fully auto-mated park-ing, sep 2013b.  
URL
 []


Underfull \hbox (badness 10000) in paragraph at lines 65--70
\OT1/cmtt/m/n/12 http : / / www . bosch . com / en / com / boschglobal / automa
ted _ driving /
 []


Underfull \hbox (badness 10000) in paragraph at lines 65--70
\OT1/cmtt/m/n/12 technology _ for _ greater _ safety / pagination _ 1 . html$\O
T1/cmr/m/n/12 .  Ac-cessed:
 []


Underfull \hbox (badness 3942) in paragraph at lines 72--78
[][]\OT1/cmr/m/n/12 Robert Bosch GmbH.  Accident-free park-ing: Bosch home zone

 []


Underfull \hbox (badness 10000) in paragraph at lines 72--78
\OT1/cmr/m/n/12 park as-sist tech-no-logy makes any-one a park-ing ex-pert, jun

 []


Underfull \hbox (badness 3635) in paragraph at lines 72--78
\OT1/cmr/m/n/12 2016.  URL $\OT1/cmtt/m/n/12 http : / / us . bosch -[] press . 
com / tbwebdb / bosch -[] usa / en -[]
 []


Underfull \hbox (badness 10000) in paragraph at lines 72--78
\OT1/cmtt/m/n/12 US / PressText . cfm ? CFID = 60601650 \ &CFTOKEN = 23b02ff4f9
992373 -[]
 []


Underfull \hbox (badness 6157) in paragraph at lines 72--78
\OT1/cmtt/m/n/12 1108C7B6 -[] E03B -[] C6E5 -[] 077B127D808AAA01 \ &Search = 1 
\ &id = 726$\OT1/cmr/m/n/12 .  Ac-
 []


Underfull \hbox (badness 5316) in paragraph at lines 80--85
[][]\OT1/cmr/m/n/12 Statistica Inc.  Global adas unit ship-ments in 2012 and 20
20
 []


Underfull \hbox (badness 10000) in paragraph at lines 94--99
[][]\OT1/cmr/m/n/12 Volvo Cars Sup-port.  Park-ing with act-ive park-ing as-sis
t-ance,
 []


Underfull \hbox (badness 10000) in paragraph at lines 94--99
\OT1/cmr/m/n/12 2016.  URL $\OT1/cmtt/m/n/12 http : / / support . volvocars . c
om / uk / cars / Pages /
 []


Underfull \hbox (badness 10000) in paragraph at lines 94--99
\OT1/cmtt/m/n/12 owners -[] manual . aspx ? mc = v526 \ &my = 2016 \ &sw = 15w4
6 \ &article =
 []


Underfull \hbox (badness 1303) in paragraph at lines 101--107
\OT1/cmr/m/n/12 changed agil-ity.  \OT1/cmr/m/it/12 Ap-plic-a-tion De-vel-op-me
nt & Pro-gram Man-age-ment
 []


Underfull \hbox (badness 1596) in paragraph at lines 101--107
\OT1/cmr/m/it/12 Pro-fes-sional\OT1/cmr/m/n/12 , jan 2010.  URL $\OT1/cmtt/m/n/
12 http : / / programmedevelopment . com /
 []


Underfull \hbox (badness 10000) in paragraph at lines 101--107
\OT1/cmtt/m/n/12 public / uploads / files / forrester _ agile _ development _ m
ainstream _
 []


Package Fancyhdr Warning: \headheight is too small (12.0pt): 
 Make it at least 14.49998pt.
 We now make it that large for the rest of the document.
 This may cause the page layout to be inconsistent, however.

[2]) (contents/TitlePage.tex [3]
<res/Brunel_University_Logo.png, id=18, 1467.4825pt x 580.1675pt>
File: res/Brunel_University_Logo.png Graphic file (type png)

<use res/Brunel_University_Logo.png>
Package pdftex.def Info: res/Brunel_University_Logo.png used on input line 3.
(pdftex.def)             Requested size: 195.0pt x 77.08871pt.
 [1 <./res/Brunel_University_Logo.png>])
(document.toc
Overfull \hbox (8.0789pt too wide) in paragraph at lines 16--16
 [][] []\OT1/cmr/bx/n/12 Process Flow, Crit-ical Path Iden-ti-fic-a-tion and Pr
e-dict-ive Mod- 
 []

[1

])
\tf@toc=\write5
\openout5 = `document.toc'.

 [2] (contents/acronyms.tex (contents/abbreviations.txt)) [1]
Chapter 1.
(contents/chapters/intro.tex
<res/intro/Markus.png, id=35, 94.10156pt x 127.22531pt>
File: res/intro/Markus.png Graphic file (type png)

<use res/intro/Markus.png>
Package pdftex.def Info: res/intro/Markus.png used on input line 14.
(pdftex.def)             Requested size: 77.99881pt x 105.46107pt.

<res/intro/Simon.png, id=36, 91.09032pt x 127.22531pt>
File: res/intro/Simon.png Graphic file (type png)

<use res/intro/Simon.png>
Package pdftex.def Info: res/intro/Simon.png used on input line 16.
(pdftex.def)             Requested size: 77.99881pt x 108.94377pt.
 <res/intro/Ich.png, id=37, 89.58469pt x 124.96687pt>
File: res/intro/Ich.png Graphic file (type png)

<use res/intro/Ich.png>
Package pdftex.def Info: res/intro/Ich.png used on input line 18.
(pdftex.def)             Requested size: 77.99881pt x 108.81183pt.
 <res/intro/Timo.png, id=38, 90.3375pt x 124.21407pt>
File: res/intro/Timo.png Graphic file (type png)

<use res/intro/Timo.png>
Package pdftex.def Info: res/intro/Timo.png used on input line 20.
(pdftex.def)             Requested size: 77.99881pt x 107.24844pt.

Overfull \hbox (16.79333pt too wide) in paragraph at lines 3--27
[][][] 
 []

) [2

] [3 <./res/intro/Markus.png> <./res/intro/Simon.png> <./res/intro/Ich.png> <./
res/intro/Timo.png>]
Chapter 2.
[4

]
Chapter 3.
[5

]
Chapter 4.
[6

]
Chapter 5.
(contents/chapters/riskAnalysis.tex
LaTeX Font Info:    Try loading font information for OMS+cmr on input line 9.

("C:\Program Files\MiKTeX 2.9\tex\latex\base\omscmr.fd"
File: omscmr.fd 2014/09/29 v2.5h Standard LaTeX font definitions
)
LaTeX Font Info:    Font shape `OMS/cmr/m/n' in size <12> not available
(Font)              Font shape `OMS/cmsy/m/n' tried instead on input line 9.
Missing character: There is no – in font cmr12!
 [7

]
Missing character: There is no – in font cmr12!
Missing character: There is no – in font cmr12!
Missing character: There is no – in font cmr12!
 [8]
<res/impactchart.png, id=67, 551.81157pt x 313.9228pt>
File: res/impactchart.png Graphic file (type png)

<use res/impactchart.png>
Package pdftex.def Info: res/impactchart.png used on input line 74.
(pdftex.def)             Requested size: 390.01234pt x 236.79231pt.
Missing character: There is no – in font cmr12!
 [9 <./res/impactchart.png>]
Missing character: There is no – in font cmr12!
Missing character: There is no ü in font cmbx12!
) [10]
Chapter 6.
(contents/chapters/marketAnalysis.tex
Missing character: There is no “ in font cmr12!
Missing character: There is no ” in font cmr12!
 [11

]
Missing character: There is no “ in font cmr12!
Missing character: There is no ” in font cmr12!
 [12]
Package acronym Info: Label `acro:ADAS' newly defined as it shall be overridden

although it is yet undefined on input line 62.
Missing character: There is no “ in font cmr12!
Missing character: There is no ” in font cmr12!
Missing character: There is no ’ in font cmr12!
) [13] [14]
Chapter 7.
[15

]
Chapter 8.
[16

]
Chapter 9.
(contents/chapters/customerVoice.tex
Missing character: There is no ’ in font cmr12!

<res/customerVoice/applicationOfAgileMethods.PNG, id=95, 759.58781pt x 571.3846
9pt>
File: res/customerVoice/applicationOfAgileMethods.PNG Graphic file (type png)
 <use res/customerVoice/applicationOfAgileMethods.PNG>
Package pdftex.def Info: res/customerVoice/applicationOfAgileMethods.PNG used o
n input line 11.
(pdftex.def)             Requested size: 292.5pt x 220.03172pt.
Missing character: There is no – in font cmr12!

<res/customerVoice/aspectsOfAgile.PNG, id=96, 627.09282pt x 430.60875pt>
File: res/customerVoice/aspectsOfAgile.PNG Graphic file (type png)

<use res/customerVoice/aspectsOfAgile.PNG>
Package pdftex.def Info: res/customerVoice/aspectsOfAgile.PNG used on input lin
e 28.
(pdftex.def)             Requested size: 292.5pt x 200.8552pt.
 [17

] [18 <./res/customerVoice/applicationOfAgileMethods.PNG> <./res/customerVoice/
aspectsOfAgile.PNG>]
Missing character: There is no ’ in font cmr12!
Missing character: There is no ’ in font cmr12!
Missing character: There is no ’ in font cmr12!

<res/customerVoice/q1_results/q1.png, id=105, 844.8363pt x 336.7782pt>
File: res/customerVoice/q1_results/q1.png Graphic file (type png)

<use res/customerVoice/q1_results/q1.png>
Package pdftex.def Info: res/customerVoice/q1_results/q1.png used on input line
 64.
(pdftex.def)             Requested size: 390.0pt x 155.4697pt.

<res/customerVoice/q1_results/q2.png, id=106, 844.8363pt x 300.6432pt>
File: res/customerVoice/q1_results/q2.png Graphic file (type png)

<use res/customerVoice/q1_results/q2.png>
Package pdftex.def Info: res/customerVoice/q1_results/q2.png used on input line
 71.
(pdftex.def)             Requested size: 390.0pt x 138.78839pt.

<res/customerVoice/q1_results/q3.png, id=107, 844.8363pt x 392.4261pt>
File: res/customerVoice/q1_results/q3.png Graphic file (type png)

<use res/customerVoice/q1_results/q3.png>
Package pdftex.def Info: res/customerVoice/q1_results/q3.png used on input line
 78.
(pdftex.def)             Requested size: 390.0pt x 181.1589pt.

<res/customerVoice/q1_results/q4.png, id=108, 844.8363pt x 263.7855pt>
File: res/customerVoice/q1_results/q4.png Graphic file (type png)

<use res/customerVoice/q1_results/q4.png>
Package pdftex.def Info: res/customerVoice/q1_results/q4.png used on input line
 85.
(pdftex.def)             Requested size: 390.0pt x 121.77347pt.

<res/customerVoice/q1_results/q5.png, id=109, 844.8363pt x 238.491pt>
File: res/customerVoice/q1_results/q5.png Graphic file (type png)

<use res/customerVoice/q1_results/q5.png>
Package pdftex.def Info: res/customerVoice/q1_results/q5.png used on input line
 92.
(pdftex.def)             Requested size: 390.0pt x 110.09656pt.

<res/customerVoice/q1_results/q6.png, id=110, 844.8363pt x 265.2309pt>
File: res/customerVoice/q1_results/q6.png Graphic file (type png)

<use res/customerVoice/q1_results/q6.png>
Package pdftex.def Info: res/customerVoice/q1_results/q6.png used on input line
 99.
(pdftex.def)             Requested size: 390.0pt x 122.44072pt.

<res/customerVoice/q1_results/q7.png, id=111, 844.8363pt x 251.4996pt>
File: res/customerVoice/q1_results/q7.png Graphic file (type png)

<use res/customerVoice/q1_results/q7.png>
Package pdftex.def Info: res/customerVoice/q1_results/q7.png used on input line
 106.
(pdftex.def)             Requested size: 390.0pt x 116.10184pt.

<res/customerVoice/q1_results/q8.png, id=112, 844.8363pt x 212.4738pt>
File: res/customerVoice/q1_results/q8.png Graphic file (type png)

<use res/customerVoice/q1_results/q8.png>
Package pdftex.def Info: res/customerVoice/q1_results/q8.png used on input line
 113.
(pdftex.def)             Requested size: 390.0pt x 98.08603pt.

<res/customerVoice/q1_results/q9.png, id=113, 844.8363pt x 134.4222pt>
File: res/customerVoice/q1_results/q9.png Graphic file (type png)

<use res/customerVoice/q1_results/q9.png>
Package pdftex.def Info: res/customerVoice/q1_results/q9.png used on input line
 120.
(pdftex.def)             Requested size: 390.0pt x 62.05441pt.
 [19] [20 <./res/customerVoice/q1_results/q1.png> <./res/customerVoice/q1_resul
ts/q2.png> <./res/customerVoice/q1_results/q3.png>] [21 <./res/customerVoice/q1
_results/q4.png> <./res/customerVoice/q1_results/q5.png> <./res/customerVoice/q
1_results/q6.png> <./res/customerVoice/q1_results/q7.png>]
<res/customerVoice/q1_results/overview.png, id=131, 844.8363pt x 338.9463pt>
File: res/customerVoice/q1_results/overview.png Graphic file (type png)

<use res/customerVoice/q1_results/overview.png>
Package pdftex.def Info: res/customerVoice/q1_results/overview.png used on inpu
t line 132.
(pdftex.def)             Requested size: 390.0pt x 156.47058pt.
Missing character: There is no ’ in font cmr12!
Missing character: There is no ’ in font cmr12!
Missing character: There is no ’ in font cmr12!
Missing character: There is no ’ in font cmr12!
Missing character: There is no ’ in font cmr12!
Missing character: There is no ’ in font cmr12!
 [22 <./res/customerVoice/q1_results/q8.png> <./res/customerVoice/q1_results/q9
.png>]
Overfull \hbox (0.44583pt too wide) in paragraph at lines 161--161
[]\OT1/cmr/bx/n/17.28 Clarification of the Re-quire-ments and As-
 []

Missing character: There is no ’ in font cmr12!
<res/customerVoice/mockup.png, id=137, 978.65625pt x 632.3625pt>
File: res/customerVoice/mockup.png Graphic file (type png)

<use res/customerVoice/mockup.png>
Package pdftex.def Info: res/customerVoice/mockup.png used on input line 178.
(pdftex.def)             Requested size: 292.5pt x 188.99619pt.
 [23 <./res/customerVoice/q1_results/overview.png>] <res/customerVoice/q2_resul
ts/q1.png, id=142, 844.8363pt x 405.4347pt>
File: res/customerVoice/q2_results/q1.png Graphic file (type png)

<use res/customerVoice/q2_results/q1.png>
Package pdftex.def Info: res/customerVoice/q2_results/q1.png used on input line
 193.
(pdftex.def)             Requested size: 390.0pt x 187.16417pt.

<res/customerVoice/q2_results/q2.png, id=143, 844.8363pt x 392.4261pt>
File: res/customerVoice/q2_results/q2.png Graphic file (type png)

<use res/customerVoice/q2_results/q2.png>
Package pdftex.def Info: res/customerVoice/q2_results/q2.png used on input line
 200.
(pdftex.def)             Requested size: 390.0pt x 181.1589pt.

<res/customerVoice/q2_results/q3.png, id=144, 844.8363pt x 328.1058pt>
File: res/customerVoice/q2_results/q3.png Graphic file (type png)

<use res/customerVoice/q2_results/q3.png>
Package pdftex.def Info: res/customerVoice/q2_results/q3.png used on input line
 207.
(pdftex.def)             Requested size: 390.0pt x 151.46619pt.

<res/customerVoice/q2_results/q4.png, id=145, 844.8363pt x 132.9768pt>
File: res/customerVoice/q2_results/q4.png Graphic file (type png)

<use res/customerVoice/q2_results/q4.png>
Package pdftex.def Info: res/customerVoice/q2_results/q4.png used on input line
 214.
(pdftex.def)             Requested size: 390.0pt x 61.38718pt.

<res/customerVoice/q2_results/q5.png, id=146, 844.8363pt x 370.0224pt>
File: res/customerVoice/q2_results/q5.png Graphic file (type png)

<use res/customerVoice/q2_results/q5.png>
Package pdftex.def Info: res/customerVoice/q2_results/q5.png used on input line
 221.
(pdftex.def)             Requested size: 390.0pt x 170.81648pt.

<res/customerVoice/q2_results/q6.png, id=147, 844.8363pt x 287.6346pt>
File: res/customerVoice/q2_results/q6.png Graphic file (type png)

<use res/customerVoice/q2_results/q6.png>
Package pdftex.def Info: res/customerVoice/q2_results/q6.png used on input line
 228.
(pdftex.def)             Requested size: 390.0pt x 132.78313pt.

<res/customerVoice/q2_results/q7.png, id=148, 844.8363pt x 328.8285pt>
File: res/customerVoice/q2_results/q7.png Graphic file (type png)

<use res/customerVoice/q2_results/q7.png>
Package pdftex.def Info: res/customerVoice/q2_results/q7.png used on input line
 235.
(pdftex.def)             Requested size: 390.0pt x 151.79982pt.

<res/customerVoice/q2_results/q8.png, id=149, 844.8363pt x 325.215pt>
File: res/customerVoice/q2_results/q8.png Graphic file (type png)

<use res/customerVoice/q2_results/q8.png>
Package pdftex.def Info: res/customerVoice/q2_results/q8.png used on input line
 242.
(pdftex.def)             Requested size: 390.0pt x 150.13168pt.

<res/customerVoice/q2_results/q9.png, id=150, 844.8363pt x 228.3732pt>
File: res/customerVoice/q2_results/q9.png Graphic file (type png)

<use res/customerVoice/q2_results/q9.png>
Package pdftex.def Info: res/customerVoice/q2_results/q9.png used on input line
 249.
(pdftex.def)             Requested size: 390.0pt x 105.4258pt.

<res/customerVoice/q2_results/q10.png, id=151, 844.8363pt x 204.5241pt>
File: res/customerVoice/q2_results/q10.png Graphic file (type png)

<use res/customerVoice/q2_results/q10.png>
Package pdftex.def Info: res/customerVoice/q2_results/q10.png used on input lin
e 256.
(pdftex.def)             Requested size: 390.0pt x 94.41614pt.

<res/customerVoice/q2_results/q11.png, id=152, 844.8363pt x 228.3732pt>
File: res/customerVoice/q2_results/q11.png Graphic file (type png)

<use res/customerVoice/q2_results/q11.png>
Package pdftex.def Info: res/customerVoice/q2_results/q11.png used on input lin
e 263.
(pdftex.def)             Requested size: 390.0pt x 105.4258pt.
 [24 <./res/customerVoice/mockup.png> <./res/customerVoice/q2_results/q1.png>] 
[25 <./res/customerVoice/q2_results/q2.png> <./res/customerVoice/q2_results/q3.
png (PNG copy)> <./res/customerVoice/q2_results/q4.png>] [26 <./res/customerVoi
ce/q2_results/q5.png> <./res/customerVoice/q2_results/q6.png> <./res/customerVo
ice/q2_results/q7.png>] [27 <./res/customerVoice/q2_results/q8.png> <./res/cust
omerVoice/q2_results/q9.png> <./res/customerVoice/q2_results/q10.png> <./res/cu
stomerVoice/q2_results/q11.png>]
<res/customerVoice/q2_results/overview.png, id=177, 844.8363pt x 205.9695pt>
File: res/customerVoice/q2_results/overview.png Graphic file (type png)

<use res/customerVoice/q2_results/overview.png>
Package pdftex.def Info: res/customerVoice/q2_results/overview.png used on inpu
t line 276.
(pdftex.def)             Requested size: 390.0pt x 95.08339pt.
Missing character: There is no ’ in font cmr12!
) [28 <./res/customerVoice/q2_results/overview.png>]
Chapter 10.
(contents/chapters/systemAnalysis.tex
<res/systemAnalysis/UseCase.png, id=182, 1053.9375pt x 511.9125pt>
File: res/systemAnalysis/UseCase.png Graphic file (type png)

<use res/systemAnalysis/UseCase.png>
Package pdftex.def Info: res/systemAnalysis/UseCase.png used on input line 23.
(pdftex.def)             Requested size: 390.0pt x 189.42809pt.
 [29

]
Missing character: There is no ’ in font cmr12!

<res/systemAnalysis/SensorOverview.png, id=186, 2208.25pt x 1405.25pt>
File: res/systemAnalysis/SensorOverview.png Graphic file (type png)

<use res/systemAnalysis/SensorOverview.png>
Package pdftex.def Info: res/systemAnalysis/SensorOverview.png used on input li
ne 44.
(pdftex.def)             Requested size: 292.5pt x 186.11969pt.
Missing character: There is no ’ in font cmr12!
Missing character: There is no ’ in font cmr12!
 [30 <./res/systemAnalysis/UseCase.png (PNG copy)>]
<res/systemAnalysis/ContextDiagram.png, id=190, 762.85pt x 461.725pt>
File: res/systemAnalysis/ContextDiagram.png Graphic file (type png)

<use res/systemAnalysis/ContextDiagram.png>
Package pdftex.def Info: res/systemAnalysis/ContextDiagram.png used on input li
ne 70.
(pdftex.def)             Requested size: 390.0pt x 236.0473pt.

<res/systemAnalysis/ActivityObstacleTransversal.png, id=191, 1254.6875pt x 702.
625pt>
File: res/systemAnalysis/ActivityObstacleTransversal.png Graphic file (type png
)
 <use res/systemAnalysis/ActivityObstacleTransversal.png>
Package pdftex.def Info: res/systemAnalysis/ActivityObstacleTransversal.png use
d on input line 80.
(pdftex.def)             Requested size: 390.0pt x 218.40115pt.

<res/systemAnalysis/ActivityObstacleLenghtwise.png, id=192, 1214.5375pt x 803.0
pt>
File: res/systemAnalysis/ActivityObstacleLenghtwise.png Graphic file (type png)

 <use res/systemAnalysis/ActivityObstacleLenghtwise.png>
Package pdftex.def Info: res/systemAnalysis/ActivityObstacleLenghtwise.png used
 on input line 90.
(pdftex.def)             Requested size: 390.0pt x 257.84744pt.
Missing character: There is no ’ in font cmr12!
 [31 <./res/systemAnalysis/SensorOverview.png>] [32 <./res/systemAnalysis/Conte
xtDiagram.png (PNG copy)> <./res/systemAnalysis/ActivityObstacleTransversal.png
 (PNG copy)>]
Missing character: There is no ’ in font cmr12!

<res/systemAnalysis/darkskin.png, id=201, 960.58875pt x 617.30624pt>
File: res/systemAnalysis/darkskin.png Graphic file (type png)

<use res/systemAnalysis/darkskin.png>
Package pdftex.def Info: res/systemAnalysis/darkskin.png used on input line 111
.
(pdftex.def)             Requested size: 292.5pt x 187.972pt.

<res/systemAnalysis/brightskin.png, id=202, 961.5925pt x 619.31375pt>
File: res/systemAnalysis/brightskin.png Graphic file (type png)

<use res/systemAnalysis/brightskin.png>
Package pdftex.def Info: res/systemAnalysis/brightskin.png used on input line 1
19.
(pdftex.def)             Requested size: 292.5pt x 188.38484pt.
) [33 <./res/systemAnalysis/ActivityObstacleLenghtwise.png (PNG copy)>] [34 <./
res/systemAnalysis/darkskin.png> <./res/systemAnalysis/brightskin.png>]
Chapter 11.
[35

]
Chapter 12.
(contents/Registers.tex [36

] (document.lot)
\tf@lot=\write6
\openout6 = `document.lot'.

 [37

] (document.lof
Overfull \hbox (3.00272pt too wide) detected at line 18
\OT1/cmr/m/n/12 10.1.1 
 []


Overfull \hbox (3.00272pt too wide) detected at line 19
\OT1/cmr/m/n/12 10.2.1 
 []


Overfull \hbox (3.00272pt too wide) detected at line 20
\OT1/cmr/m/n/12 10.3.1 
 []


Overfull \hbox (3.00272pt too wide) detected at line 21
\OT1/cmr/m/n/12 10.4.1 
 []


Overfull \hbox (3.00272pt too wide) detected at line 22
\OT1/cmr/m/n/12 10.5.1 
 []


Overfull \hbox (3.00272pt too wide) detected at line 23
\OT1/cmr/m/n/12 10.6.1 
 []


Overfull \hbox (3.00272pt too wide) detected at line 24
\OT1/cmr/m/n/12 10.6.2 
 []

)
\tf@lof=\write7
\openout7 = `document.lof'.

 (document.bbl [38

]
Underfull \hbox (badness 10000) in paragraph at lines 15--21
\OT1/cmtt/m/n/12 com / industries / automotive -[] and -[] assembly / our -[] i
nsights / ten -[]
 []


Underfull \hbox (badness 10000) in paragraph at lines 15--21
\OT1/cmtt/m/n/12 ways -[] autonomous -[] driving -[] could -[] redefine -[] the
 -[] automotive -[] world$\OT1/cmr/m/n/12 .
 []


Underfull \hbox (badness 10000) in paragraph at lines 23--28
\OT1/cmtt/m/n/12 http : / / slidegur . com / doc / 3930571 / autonomous -[] par
allel -[] parking -[]
 []


Underfull \hbox (badness 10000) in paragraph at lines 30--36
\OT1/cmtt/m/n/12 en / instance / ko / Daimler -[] and -[] Bosch -[] automate -[
] parking -[] Mercedes -[]
 []


Underfull \hbox (badness 6927) in paragraph at lines 45--50
[][]\OT1/cmr/m/n/12 R. Doloczki and D. K. Gaub-itz.  Rc-car auto-mat-is-iertes 
aus-
 []

[39

]
Underfull \hbox (badness 7308) in paragraph at lines 58--63
[][]\OT1/cmr/m/n/12 Robert Bosch GmbH.  Park-ing as-sist-ance sys-tems, sep 201
3a.
 []


Underfull \hbox (badness 10000) in paragraph at lines 58--63
\OT1/cmr/m/n/12 URL $\OT1/cmtt/m/n/12 http : / / www . bosch -[] presse . de / 
pressportal / de / en / parking -[]
 []


Underfull \hbox (badness 1242) in paragraph at lines 65--70
[][]\OT1/cmr/m/n/12 Robert Bosch GmbH.  Fully auto-mated park-ing, sep 2013b.  
URL
 []


Underfull \hbox (badness 10000) in paragraph at lines 65--70
\OT1/cmtt/m/n/12 http : / / www . bosch . com / en / com / boschglobal / automa
ted _ driving /
 []


Underfull \hbox (badness 10000) in paragraph at lines 65--70
\OT1/cmtt/m/n/12 technology _ for _ greater _ safety / pagination _ 1 . html$\O
T1/cmr/m/n/12 .  Ac-cessed:
 []


Underfull \hbox (badness 3942) in paragraph at lines 72--78
[][]\OT1/cmr/m/n/12 Robert Bosch GmbH.  Accident-free park-ing: Bosch home zone

 []


Underfull \hbox (badness 10000) in paragraph at lines 72--78
\OT1/cmr/m/n/12 park as-sist tech-no-logy makes any-one a park-ing ex-pert, jun

 []


Underfull \hbox (badness 3635) in paragraph at lines 72--78
\OT1/cmr/m/n/12 2016.  URL $\OT1/cmtt/m/n/12 http : / / us . bosch -[] press . 
com / tbwebdb / bosch -[] usa / en -[]
 []


Underfull \hbox (badness 10000) in paragraph at lines 72--78
\OT1/cmtt/m/n/12 US / PressText . cfm ? CFID = 60601650 \ &CFTOKEN = 23b02ff4f9
992373 -[]
 []


Underfull \hbox (badness 6157) in paragraph at lines 72--78
\OT1/cmtt/m/n/12 1108C7B6 -[] E03B -[] C6E5 -[] 077B127D808AAA01 \ &Search = 1 
\ &id = 726$\OT1/cmr/m/n/12 .  Ac-
 []


Underfull \hbox (badness 5316) in paragraph at lines 80--85
[][]\OT1/cmr/m/n/12 Statistica Inc.  Global adas unit ship-ments in 2012 and 20
20
 []


Underfull \hbox (badness 10000) in paragraph at lines 94--99
[][]\OT1/cmr/m/n/12 Volvo Cars Sup-port.  Park-ing with act-ive park-ing as-sis
t-ance,
 []


Underfull \hbox (badness 10000) in paragraph at lines 94--99
\OT1/cmr/m/n/12 2016.  URL $\OT1/cmtt/m/n/12 http : / / support . volvocars . c
om / uk / cars / Pages /
 []


Underfull \hbox (badness 10000) in paragraph at lines 94--99
\OT1/cmtt/m/n/12 owners -[] manual . aspx ? mc = v526 \ &my = 2016 \ &sw = 15w4
6 \ &article =
 []


Underfull \hbox (badness 1303) in paragraph at lines 101--107
\OT1/cmr/m/n/12 changed agil-ity.  \OT1/cmr/m/it/12 Ap-plic-a-tion De-vel-op-me
nt & Pro-gram Man-age-ment
 []


Underfull \hbox (badness 1596) in paragraph at lines 101--107
\OT1/cmr/m/it/12 Pro-fes-sional\OT1/cmr/m/n/12 , jan 2010.  URL $\OT1/cmtt/m/n/
12 http : / / programmedevelopment . com /
 []


Underfull \hbox (badness 10000) in paragraph at lines 101--107
\OT1/cmtt/m/n/12 public / uploads / files / forrester _ agile _ development _ m
ainstream _
 []

[40]))

Package natbib Warning: There were multiply defined citations.

[41] (document.aux)

LaTeX Warning: There were multiply-defined labels.

 ) 
Here is how much of TeX's memory you used:
 26904 strings out of 493334
 656868 string characters out of 3139246
 813955 words of memory out of 3000000
 29863 multiletter control sequences out of 15000+200000
 15071 words of font info for 55 fonts, out of 3000000 for 9000
 1141 hyphenation exceptions out of 8191
 69i,14n,98p,729b,609s stack positions out of 5000i,500n,10000p,200000b,50000s
<C:/Program Files/MiKTeX 2.9/fonts/type1/public/amsfonts/cm/cmbx10.pfb><C:/Pr
ogram Files/MiKTeX 2.9/fonts/type1/public/amsfonts/cm/cmbx12.pfb><C:/Program Fi
les/MiKTeX 2.9/fonts/type1/public/amsfonts/cm/cmcsc10.pfb><C:/Program Files/MiK
TeX 2.9/fonts/type1/public/amsfonts/cm/cmmi12.pfb><C:/Program Files/MiKTeX 2.9/
fonts/type1/public/amsfonts/cm/cmmi8.pfb><C:/Program Files/MiKTeX 2.9/fonts/typ
e1/public/amsfonts/cm/cmr10.pfb><C:/Program Files/MiKTeX 2.9/fonts/type1/public
/amsfonts/cm/cmr12.pfb><C:/Program Files/MiKTeX 2.9/fonts/type1/public/amsfonts
/cm/cmr8.pfb><C:/Program Files/MiKTeX 2.9/fonts/type1/public/amsfonts/cm/cmsy10
.pfb><C:/Program Files/MiKTeX 2.9/fonts/type1/public/amsfonts/cm/cmti10.pfb><C:
/Program Files/MiKTeX 2.9/fonts/type1/public/amsfonts/cm/cmti12.pfb><C:/Program
 Files/MiKTeX 2.9/fonts/type1/public/amsfonts/cm/cmtt12.pfb><C:/Program Files/M
iKTeX 2.9/fonts/type1/public/amsfonts/cm/cmu10.pfb>
Output written on document.pdf (47 pages, 3176239 bytes).
PDF statistics:
 276 PDF objects out of 1000 (max. 8388607)
 0 named destinations out of 1000 (max. 500000)
 203 words of extra memory for PDF output out of 10000 (max. 10000000)

